19 Aug 2020 11:15:44,795 [main           ] INFO  com.target.training.programs.LoggingDemo  Name = Vinod, Age = 47 years, Height = 5.8 ft.
19 Aug 2020 11:15:44,800 [main           ] WARN  com.target.training.programs.LoggingDemo  Name = Vinod, Age = 47 years, Height = 5.8 ft.
19 Aug 2020 11:15:44,911 [main           ] ERROR com.target.training.programs.LoggingDemo  Name = Vinod, Age = 47 years, Height = 5.8 ft.
19 Aug 2020 11:15:44,911 [MyCustomThread ] DEBUG com.target.training.programs.LoggingDemo  Name = Vinod, Age = 47 years, Height = 5.8 ft.
19 Aug 2020 11:15:44,911 [MyCustomThread ] TRACE com.target.training.programs.LoggingDemo  Name = Vinod, Age = 47 years, Height = 5.8 ft.
19 Aug 2020 12:02:35,946 [main           ] DEBUG com.target.training.programs.SynchronizationDemo  words are []
19 Aug 2020 12:02:35,950 [main           ] DEBUG com.target.training.programs.SynchronizationDemo  str is 'My name is Vinod and I live in Bangalore'
19 Aug 2020 12:02:35,950 [main           ] DEBUG com.target.training.programs.SynchronizationDemo  words are [My, name, is, Vinod, and, I, live, in, Bangalore]
19 Aug 2020 12:02:35,962 [main           ] DEBUG com.target.training.programs.SynchronizationDemo  words are [My, name, is, Vinod, and, I, live, in, Bangalore]
19 Aug 2020 12:02:35,962 [main           ] DEBUG com.target.training.programs.SynchronizationDemo  str is 'Quick brown fox jumps over the lazy dog'
19 Aug 2020 12:02:35,963 [main           ] DEBUG com.target.training.programs.SynchronizationDemo  words are [Quick, brown, fox, jumps, over, the, lazy, dog]
19 Aug 2020 12:02:35,974 [main           ] DEBUG com.target.training.programs.SynchronizationDemo  words are [My, name, is, Vinod, and, I, live, in, Bangalore, Quick, brown, fox, jumps, over, the, lazy, dog]
19 Aug 2020 12:04:12,319 [main           ] DEBUG com.target.training.programs.SynchronizationDemo  words are []
19 Aug 2020 12:04:12,747 [Thread-0       ] DEBUG com.target.training.programs.SynchronizationDemo  str is 'My name is Vinod and I live in Bangalore'
19 Aug 2020 12:04:12,748 [Thread-0       ] DEBUG com.target.training.programs.SynchronizationDemo  words are [My, name, is, Vinod, and, I, live, in, Bangalore]
19 Aug 2020 12:04:12,748 [main           ] DEBUG com.target.training.programs.SynchronizationDemo  words are []
19 Aug 2020 12:04:12,751 [Thread-1       ] DEBUG com.target.training.programs.SynchronizationDemo  str is 'Quick brown fox jumps over the lazy dog'
19 Aug 2020 12:04:12,751 [Thread-1       ] DEBUG com.target.training.programs.SynchronizationDemo  words are [Quick, brown, fox, jumps, over, the, lazy, dog]
19 Aug 2020 12:04:12,751 [main           ] DEBUG com.target.training.programs.SynchronizationDemo  words are [My, name, is]
19 Aug 2020 12:05:36,018 [main           ] DEBUG com.target.training.programs.SynchronizationDemo  words are []
19 Aug 2020 12:05:36,137 [Thread-0       ] DEBUG com.target.training.programs.SynchronizationDemo  str is 'My name is Vinod and I live in Bangalore'
19 Aug 2020 12:05:36,138 [Thread-0       ] DEBUG com.target.training.programs.SynchronizationDemo  words are [My, name, is, Vinod, and, I, live, in, Bangalore]
19 Aug 2020 12:05:36,137 [main           ] DEBUG com.target.training.programs.SynchronizationDemo  words are []
19 Aug 2020 12:05:36,144 [Thread-1       ] DEBUG com.target.training.programs.SynchronizationDemo  str is 'Quick brown fox jumps over the lazy dog'
19 Aug 2020 12:05:36,144 [Thread-1       ] DEBUG com.target.training.programs.SynchronizationDemo  words are [Quick, brown, fox, jumps, over, the, lazy, dog]
19 Aug 2020 12:06:48,642 [main           ] DEBUG com.target.training.programs.SynchronizationDemo  words are []
19 Aug 2020 12:06:48,839 [Thread-0       ] DEBUG com.target.training.programs.SynchronizationDemo  str is 'My name is Vinod and I live in Bangalore'
19 Aug 2020 12:06:48,840 [Thread-0       ] DEBUG com.target.training.programs.SynchronizationDemo  words are [My, name, is, Vinod, and, I, live, in, Bangalore]
19 Aug 2020 12:06:48,840 [main           ] DEBUG com.target.training.programs.SynchronizationDemo  words are []
19 Aug 2020 12:06:48,842 [Thread-1       ] DEBUG com.target.training.programs.SynchronizationDemo  str is 'Quick brown fox jumps over the lazy dog'
19 Aug 2020 12:06:48,842 [Thread-1       ] DEBUG com.target.training.programs.SynchronizationDemo  words are [Quick, brown, fox, jumps, over, the, lazy, dog]
19 Aug 2020 12:06:48,872 [main           ] DEBUG com.target.training.programs.SynchronizationDemo  words are [My, name, Quick, is, brown, Vinod, fox, and, jumps, I, over, the, in, Bangalore, dog]
19 Aug 2020 12:12:59,094 [main           ] DEBUG com.target.training.programs.SynchronizationDemo  words are []
19 Aug 2020 12:12:59,209 [Thread-0       ] DEBUG com.target.training.programs.SynchronizationDemo  str is 'My name is Vinod and I live in Bangalore'
19 Aug 2020 12:12:59,209 [Thread-1       ] DEBUG com.target.training.programs.SynchronizationDemo  str is 'Quick brown fox jumps over the lazy dog'
19 Aug 2020 12:12:59,230 [main           ] DEBUG com.target.training.programs.SynchronizationDemo  words are [My, name, is, Vinod, and, I, live, in, Bangalore, Quick, brown, fox, jumps, over, the, lazy, dog]
19 Aug 2020 12:15:03,733 [main           ] DEBUG com.target.training.programs.SynchronizationDemo  words are []
19 Aug 2020 12:15:03,849 [Thread-0       ] DEBUG com.target.training.programs.SynchronizationDemo  str is 'My name is Vinod and I live in Bangalore'
19 Aug 2020 12:15:03,850 [Thread-1       ] DEBUG com.target.training.programs.SynchronizationDemo  str is 'Quick brown fox jumps over the lazy dog'
19 Aug 2020 12:15:03,861 [main           ] DEBUG com.target.training.programs.SynchronizationDemo  words are [My, Quick, name, brown, is, fox, Vinod, jumps, and, over, I, the, live, lazy, in, dog, Bangalore]
19 Aug 2020 12:15:25,933 [main           ] DEBUG com.target.training.programs.SynchronizationDemo  words are []
19 Aug 2020 12:15:26,101 [Thread-0       ] DEBUG com.target.training.programs.SynchronizationDemo  str is 'My name is Vinod and I live in Bangalore'
19 Aug 2020 12:15:26,102 [Thread-1       ] DEBUG com.target.training.programs.SynchronizationDemo  str is 'Quick brown fox jumps over the lazy dog'
19 Aug 2020 12:15:26,113 [main           ] DEBUG com.target.training.programs.SynchronizationDemo  words are [My, Quick, name, brown, is, fox, Vinod, jumps, and, over, I, the, live, lazy, in, Bangalore]
19 Aug 2020 12:24:43,954 [main           ] DEBUG com.target.training.programs.SynchronizationDemo  words are []
19 Aug 2020 12:24:44,238 [Thread-0       ] DEBUG com.target.training.programs.SynchronizationDemo  str is 'My name is Vinod and I live in Bangalore'
19 Aug 2020 12:24:44,239 [Thread-1       ] DEBUG com.target.training.programs.SynchronizationDemo  str is 'Quick brown fox jumps over the lazy dog'
19 Aug 2020 12:24:44,259 [main           ] DEBUG com.target.training.programs.SynchronizationDemo  words are [My, name, is, Vinod, and, I, live, in, Bangalore, Quick, brown, fox, jumps, over, the, lazy, dog]
19 Aug 2020 12:26:31,287 [main           ] DEBUG com.target.training.programs.SynchronizationDemo  words are []
19 Aug 2020 12:26:31,398 [Thread-0       ] DEBUG com.target.training.programs.SynchronizationDemo  str is 'My name is Vinod and I live in Bangalore'
19 Aug 2020 12:26:31,410 [Thread-1       ] DEBUG com.target.training.programs.SynchronizationDemo  str is 'Quick brown fox jumps over the lazy dog'
19 Aug 2020 12:26:31,420 [main           ] DEBUG com.target.training.programs.SynchronizationDemo  words are [My, name, is, Vinod, and, I, live, in, Bangalore, Quick, brown, fox, jumps, over, the, lazy, dog]
19 Aug 2020 12:44:02,379 [main           ] DEBUG com.target.training.programs.SynchronizationDemo  words are []
19 Aug 2020 12:44:02,594 [Thread-0       ] DEBUG com.target.training.programs.SynchronizationDemo  str is 'My name is Vinod and I live in Bangalore'
19 Aug 2020 12:44:02,616 [Thread-1       ] DEBUG com.target.training.programs.SynchronizationDemo  str is 'Quick brown fox jumps over the lazy dog'
19 Aug 2020 12:44:02,637 [main           ] DEBUG com.target.training.programs.SynchronizationDemo  words are [My, name, is, Vinod, and, I, live, in, Bangalore, Quick, brown, fox, jumps, over, the, lazy, dog]
19 Aug 2020 12:44:23,167 [main           ] DEBUG com.target.training.programs.SynchronizationDemo  words are []
19 Aug 2020 12:44:23,273 [Thread-0       ] DEBUG com.target.training.programs.SynchronizationDemo  str is 'My name is Vinod and I live in Bangalore'
19 Aug 2020 12:44:23,284 [Thread-1       ] DEBUG com.target.training.programs.SynchronizationDemo  str is 'Quick brown fox jumps over the lazy dog'
19 Aug 2020 12:44:23,297 [main           ] DEBUG com.target.training.programs.SynchronizationDemo  words are [My, name, is, Vinod, and, I, live, in, Bangalore, Quick, brown, fox, jumps, over, the, lazy, dog]
19 Aug 2020 12:44:29,258 [main           ] DEBUG com.target.training.programs.SynchronizationDemo  words are []
19 Aug 2020 12:44:29,394 [Thread-0       ] DEBUG com.target.training.programs.SynchronizationDemo  str is 'My name is Vinod and I live in Bangalore'
19 Aug 2020 12:44:29,405 [Thread-1       ] DEBUG com.target.training.programs.SynchronizationDemo  str is 'Quick brown fox jumps over the lazy dog'
19 Aug 2020 12:44:29,416 [main           ] DEBUG com.target.training.programs.SynchronizationDemo  words are [My, name, is, Vinod, and, I, live, in, Bangalore, Quick, brown, fox, jumps, over, the, lazy, dog]
19 Aug 2020 12:44:44,223 [main           ] DEBUG com.target.training.programs.SynchronizationDemo  words are []
19 Aug 2020 12:44:44,407 [Thread-0       ] DEBUG com.target.training.programs.SynchronizationDemo  str is 'My name is Vinod and I live in Bangalore'
19 Aug 2020 12:44:44,410 [Thread-1       ] DEBUG com.target.training.programs.SynchronizationDemo  str is 'Quick brown fox jumps over the lazy dog'
19 Aug 2020 12:44:44,411 [main           ] DEBUG com.target.training.programs.SynchronizationDemo  words are [My, name, is, Vinod, and, I, live, in, Bangalore, Quick, brown, fox, jumps, over, the, lazy, dog]
19 Aug 2020 12:44:50,131 [main           ] DEBUG com.target.training.programs.SynchronizationDemo  words are []
19 Aug 2020 12:44:50,301 [Thread-0       ] DEBUG com.target.training.programs.SynchronizationDemo  str is 'My name is Vinod and I live in Bangalore'
19 Aug 2020 12:44:50,302 [Thread-1       ] DEBUG com.target.training.programs.SynchronizationDemo  str is 'Quick brown fox jumps over the lazy dog'
19 Aug 2020 12:44:50,302 [main           ] DEBUG com.target.training.programs.SynchronizationDemo  words are [My, name, is, Vinod, and, I, live, in, Bangalore, Quick, brown, fox, jumps, over, the, lazy, dog]
19 Aug 2020 12:44:59,791 [main           ] DEBUG com.target.training.programs.SynchronizationDemo  words are []
19 Aug 2020 12:45:00,336 [Thread-0       ] DEBUG com.target.training.programs.SynchronizationDemo  str is 'My name is Vinod and I live in Bangalore'
19 Aug 2020 12:45:00,337 [Thread-1       ] DEBUG com.target.training.programs.SynchronizationDemo  str is 'Quick brown fox jumps over the lazy dog'
19 Aug 2020 12:45:00,337 [main           ] DEBUG com.target.training.programs.SynchronizationDemo  words are [My, name, is, Vinod, and, I, live, in, Bangalore, Quick, brown, fox, jumps, over, the, lazy, dog]
19 Aug 2020 12:46:06,414 [main           ] DEBUG com.target.training.programs.SynchronizationDemo  words are []
19 Aug 2020 12:54:00,631 [main           ] DEBUG com.target.training.programs.SynchronizationDemo  words are []
19 Aug 2020 12:54:00,752 [Thread-0       ] DEBUG com.target.training.programs.SynchronizationDemo  str is 'My name is Vinod and I live in Bangalore'
19 Aug 2020 12:54:00,752 [Thread-1       ] DEBUG com.target.training.programs.SynchronizationDemo  str is 'Quick brown fox jumps over the lazy dog'
19 Aug 2020 12:54:00,753 [main           ] DEBUG com.target.training.programs.SynchronizationDemo  words are [My, name, is, Vinod, and, I, live, in, Bangalore, Quick, brown, fox, jumps, over, the, lazy, dog]
19 Aug 2020 12:55:16,813 [main           ] DEBUG com.target.training.programs.SynchronizationDemo  words are []
19 Aug 2020 12:55:16,928 [main           ] DEBUG com.target.training.programs.SynchronizationDemo  words are []
19 Aug 2020 12:55:16,928 [Thread-0       ] DEBUG com.target.training.programs.SynchronizationDemo  str is 'My name is Vinod and I live in Bangalore'
19 Aug 2020 12:55:16,929 [Thread-1       ] DEBUG com.target.training.programs.SynchronizationDemo  str is 'Quick brown fox jumps over the lazy dog'
19 Aug 2020 12:56:10,251 [main           ] DEBUG com.target.training.programs.SynchronizationDemo  words are []
19 Aug 2020 12:56:10,389 [Thread-0       ] DEBUG com.target.training.programs.SynchronizationDemo  str is 'My name is Vinod and I live in Bangalore Karnataka India'
19 Aug 2020 12:56:10,389 [Thread-1       ] DEBUG com.target.training.programs.SynchronizationDemo  str is 'Quick brown fox jumps over the lazy dog'
19 Aug 2020 12:56:10,390 [main           ] DEBUG com.target.training.programs.SynchronizationDemo  words are [My, name, is, Vinod, and, I, live, in, Bangalore, Karnataka, India, Quick, brown, fox, jumps, over, the, lazy, dog]
19 Aug 2020 12:56:27,282 [main           ] DEBUG com.target.training.programs.SynchronizationDemo  words are []
19 Aug 2020 12:56:27,409 [Thread-1       ] DEBUG com.target.training.programs.SynchronizationDemo  str is 'Quick brown fox jumps over the lazy dog'
19 Aug 2020 12:56:27,409 [Thread-0       ] DEBUG com.target.training.programs.SynchronizationDemo  str is 'My name is Vinod and I live in Bangalore Karnataka India'
19 Aug 2020 12:56:27,410 [main           ] DEBUG com.target.training.programs.SynchronizationDemo  words are [Quick, brown, fox, jumps, over, the, lazy, dog, My, name, is, Vinod, and, I, live, in, Bangalore, Karnataka, India]
19 Aug 2020 12:56:43,035 [main           ] DEBUG com.target.training.programs.SynchronizationDemo  words are []
19 Aug 2020 12:56:43,159 [Thread-1       ] DEBUG com.target.training.programs.SynchronizationDemo  str is 'Quick brown fox jumps over the lazy dog'
19 Aug 2020 12:56:43,159 [Thread-0       ] DEBUG com.target.training.programs.SynchronizationDemo  str is 'My name is Vinod and I live in Bangalore Karnataka India'
19 Aug 2020 12:56:43,169 [main           ] DEBUG com.target.training.programs.SynchronizationDemo  words are [Quick, My, name, brown, fox, is, jumps, Vinod, and, over, null, I, lazy, live, dog, in, Bangalore]
19 Aug 2020 12:57:08,392 [main           ] DEBUG com.target.training.programs.SynchronizationDemo  words are []
19 Aug 2020 12:57:08,563 [Thread-0       ] DEBUG com.target.training.programs.SynchronizationDemo  str is 'My name is Vinod and I live in Bangalore Karnataka India'
19 Aug 2020 12:57:08,564 [Thread-1       ] DEBUG com.target.training.programs.SynchronizationDemo  str is 'Quick brown fox jumps over the lazy dog'
19 Aug 2020 12:57:08,581 [main           ] DEBUG com.target.training.programs.SynchronizationDemo  words are [FAILED toString()]
19 Aug 2020 12:57:25,894 [main           ] DEBUG com.target.training.programs.SynchronizationDemo  words are []
19 Aug 2020 12:57:26,097 [Thread-1       ] DEBUG com.target.training.programs.SynchronizationDemo  str is 'Quick brown fox jumps over the lazy dog'
19 Aug 2020 12:57:26,097 [Thread-0       ] DEBUG com.target.training.programs.SynchronizationDemo  str is 'My name is Vinod and I live in Bangalore Karnataka India'
19 Aug 2020 12:57:26,109 [main           ] DEBUG com.target.training.programs.SynchronizationDemo  words are [Quick, My, brown, name, fox, is, Vinod, jumps, and, over, I, the, lazy, live, in, null, Bangalore]
19 Aug 2020 12:57:40,462 [main           ] DEBUG com.target.training.programs.SynchronizationDemo  words are []
19 Aug 2020 12:57:40,606 [Thread-0       ] DEBUG com.target.training.programs.SynchronizationDemo  str is 'My name is Vinod and I live in Bangalore Karnataka India'
19 Aug 2020 12:57:40,606 [Thread-1       ] DEBUG com.target.training.programs.SynchronizationDemo  str is 'Quick brown fox jumps over the lazy dog'
19 Aug 2020 12:57:40,617 [main           ] DEBUG com.target.training.programs.SynchronizationDemo  words are [My, Quick, name, brown, is, fox, Vinod, jumps, and, over, I, the, live, lazy, in, dog, Bangalore]
19 Aug 2020 13:04:52,328 [Thread-0       ] INFO  com.target.training.programs.DaemonThreadDemo  Value of i in run() while loop is 1
19 Aug 2020 13:04:52,328 [main           ] INFO  com.target.training.programs.DaemonThreadDemo  Value of i in main() for loop is 1
19 Aug 2020 13:04:52,585 [Thread-0       ] INFO  com.target.training.programs.DaemonThreadDemo  Value of i in run() while loop is 2
19 Aug 2020 13:04:52,840 [Thread-0       ] INFO  com.target.training.programs.DaemonThreadDemo  Value of i in run() while loop is 3
19 Aug 2020 13:04:53,094 [Thread-0       ] INFO  com.target.training.programs.DaemonThreadDemo  Value of i in run() while loop is 4
19 Aug 2020 13:04:53,336 [main           ] INFO  com.target.training.programs.DaemonThreadDemo  Value of i in main() for loop is 2
19 Aug 2020 13:04:53,348 [Thread-0       ] INFO  com.target.training.programs.DaemonThreadDemo  Value of i in run() while loop is 5
19 Aug 2020 13:04:53,602 [Thread-0       ] INFO  com.target.training.programs.DaemonThreadDemo  Value of i in run() while loop is 6
19 Aug 2020 13:04:53,857 [Thread-0       ] INFO  com.target.training.programs.DaemonThreadDemo  Value of i in run() while loop is 7
19 Aug 2020 13:04:54,108 [Thread-0       ] INFO  com.target.training.programs.DaemonThreadDemo  Value of i in run() while loop is 8
19 Aug 2020 13:04:54,342 [main           ] INFO  com.target.training.programs.DaemonThreadDemo  Value of i in main() for loop is 3
19 Aug 2020 13:04:54,363 [Thread-0       ] INFO  com.target.training.programs.DaemonThreadDemo  Value of i in run() while loop is 9
19 Aug 2020 13:04:54,618 [Thread-0       ] INFO  com.target.training.programs.DaemonThreadDemo  Value of i in run() while loop is 10
19 Aug 2020 13:04:54,875 [Thread-0       ] INFO  com.target.training.programs.DaemonThreadDemo  Value of i in run() while loop is 11
19 Aug 2020 13:04:55,128 [Thread-0       ] INFO  com.target.training.programs.DaemonThreadDemo  Value of i in run() while loop is 12
19 Aug 2020 13:04:55,353 [main           ] INFO  com.target.training.programs.DaemonThreadDemo  Value of i in main() for loop is 4
19 Aug 2020 13:04:55,384 [Thread-0       ] INFO  com.target.training.programs.DaemonThreadDemo  Value of i in run() while loop is 13
19 Aug 2020 13:04:55,640 [Thread-0       ] INFO  com.target.training.programs.DaemonThreadDemo  Value of i in run() while loop is 14
19 Aug 2020 13:04:55,894 [Thread-0       ] INFO  com.target.training.programs.DaemonThreadDemo  Value of i in run() while loop is 15
19 Aug 2020 13:04:56,149 [Thread-0       ] INFO  com.target.training.programs.DaemonThreadDemo  Value of i in run() while loop is 16
19 Aug 2020 13:04:56,361 [main           ] INFO  com.target.training.programs.DaemonThreadDemo  Value of i in main() for loop is 5
19 Aug 2020 13:04:56,404 [Thread-0       ] INFO  com.target.training.programs.DaemonThreadDemo  Value of i in run() while loop is 17
19 Aug 2020 13:04:56,659 [Thread-0       ] INFO  com.target.training.programs.DaemonThreadDemo  Value of i in run() while loop is 18
19 Aug 2020 13:04:56,914 [Thread-0       ] INFO  com.target.training.programs.DaemonThreadDemo  Value of i in run() while loop is 19
19 Aug 2020 13:04:57,169 [Thread-0       ] INFO  com.target.training.programs.DaemonThreadDemo  Value of i in run() while loop is 20
19 Aug 2020 13:04:57,368 [main           ] INFO  com.target.training.programs.DaemonThreadDemo  Value of i in main() for loop is 6
19 Aug 2020 13:04:57,424 [Thread-0       ] INFO  com.target.training.programs.DaemonThreadDemo  Value of i in run() while loop is 21
19 Aug 2020 13:04:57,681 [Thread-0       ] INFO  com.target.training.programs.DaemonThreadDemo  Value of i in run() while loop is 22
19 Aug 2020 13:04:57,935 [Thread-0       ] INFO  com.target.training.programs.DaemonThreadDemo  Value of i in run() while loop is 23
19 Aug 2020 13:04:58,188 [Thread-0       ] INFO  com.target.training.programs.DaemonThreadDemo  Value of i in run() while loop is 24
19 Aug 2020 13:04:58,374 [main           ] INFO  com.target.training.programs.DaemonThreadDemo  Value of i in main() for loop is 7
19 Aug 2020 13:04:58,444 [Thread-0       ] INFO  com.target.training.programs.DaemonThreadDemo  Value of i in run() while loop is 25
19 Aug 2020 13:04:58,699 [Thread-0       ] INFO  com.target.training.programs.DaemonThreadDemo  Value of i in run() while loop is 26
19 Aug 2020 13:04:58,954 [Thread-0       ] INFO  com.target.training.programs.DaemonThreadDemo  Value of i in run() while loop is 27
19 Aug 2020 13:04:59,208 [Thread-0       ] INFO  com.target.training.programs.DaemonThreadDemo  Value of i in run() while loop is 28
19 Aug 2020 13:04:59,379 [main           ] INFO  com.target.training.programs.DaemonThreadDemo  Value of i in main() for loop is 8
19 Aug 2020 13:04:59,464 [Thread-0       ] INFO  com.target.training.programs.DaemonThreadDemo  Value of i in run() while loop is 29
19 Aug 2020 13:04:59,719 [Thread-0       ] INFO  com.target.training.programs.DaemonThreadDemo  Value of i in run() while loop is 30
19 Aug 2020 13:04:59,974 [Thread-0       ] INFO  com.target.training.programs.DaemonThreadDemo  Value of i in run() while loop is 31
19 Aug 2020 13:05:00,229 [Thread-0       ] INFO  com.target.training.programs.DaemonThreadDemo  Value of i in run() while loop is 32
19 Aug 2020 13:05:00,384 [main           ] INFO  com.target.training.programs.DaemonThreadDemo  Value of i in main() for loop is 9
19 Aug 2020 13:05:00,484 [Thread-0       ] INFO  com.target.training.programs.DaemonThreadDemo  Value of i in run() while loop is 33
19 Aug 2020 13:05:00,739 [Thread-0       ] INFO  com.target.training.programs.DaemonThreadDemo  Value of i in run() while loop is 34
19 Aug 2020 13:05:00,994 [Thread-0       ] INFO  com.target.training.programs.DaemonThreadDemo  Value of i in run() while loop is 35
19 Aug 2020 13:05:01,249 [Thread-0       ] INFO  com.target.training.programs.DaemonThreadDemo  Value of i in run() while loop is 36
19 Aug 2020 13:05:01,389 [main           ] INFO  com.target.training.programs.DaemonThreadDemo  Value of i in main() for loop is 10
19 Aug 2020 13:05:01,504 [Thread-0       ] INFO  com.target.training.programs.DaemonThreadDemo  Value of i in run() while loop is 37
19 Aug 2020 13:05:01,759 [Thread-0       ] INFO  com.target.training.programs.DaemonThreadDemo  Value of i in run() while loop is 38
19 Aug 2020 13:05:02,014 [Thread-0       ] INFO  com.target.training.programs.DaemonThreadDemo  Value of i in run() while loop is 39
19 Aug 2020 13:05:02,269 [Thread-0       ] INFO  com.target.training.programs.DaemonThreadDemo  Value of i in run() while loop is 40
19 Aug 2020 13:05:02,524 [Thread-0       ] INFO  com.target.training.programs.DaemonThreadDemo  Value of i in run() while loop is 41
19 Aug 2020 13:05:02,779 [Thread-0       ] INFO  com.target.training.programs.DaemonThreadDemo  Value of i in run() while loop is 42
19 Aug 2020 13:05:03,034 [Thread-0       ] INFO  com.target.training.programs.DaemonThreadDemo  Value of i in run() while loop is 43
19 Aug 2020 13:05:03,290 [Thread-0       ] INFO  com.target.training.programs.DaemonThreadDemo  Value of i in run() while loop is 44
19 Aug 2020 13:05:03,544 [Thread-0       ] INFO  com.target.training.programs.DaemonThreadDemo  Value of i in run() while loop is 45
19 Aug 2020 13:05:03,799 [Thread-0       ] INFO  com.target.training.programs.DaemonThreadDemo  Value of i in run() while loop is 46
19 Aug 2020 13:05:04,051 [Thread-0       ] INFO  com.target.training.programs.DaemonThreadDemo  Value of i in run() while loop is 47
19 Aug 2020 13:05:04,304 [Thread-0       ] INFO  com.target.training.programs.DaemonThreadDemo  Value of i in run() while loop is 48
19 Aug 2020 13:05:04,559 [Thread-0       ] INFO  com.target.training.programs.DaemonThreadDemo  Value of i in run() while loop is 49
19 Aug 2020 13:05:04,813 [Thread-0       ] INFO  com.target.training.programs.DaemonThreadDemo  Value of i in run() while loop is 50
19 Aug 2020 13:05:05,067 [Thread-0       ] INFO  com.target.training.programs.DaemonThreadDemo  Value of i in run() while loop is 51
19 Aug 2020 13:05:05,321 [Thread-0       ] INFO  com.target.training.programs.DaemonThreadDemo  Value of i in run() while loop is 52
19 Aug 2020 13:05:05,571 [Thread-0       ] INFO  com.target.training.programs.DaemonThreadDemo  Value of i in run() while loop is 53
19 Aug 2020 13:05:05,824 [Thread-0       ] INFO  com.target.training.programs.DaemonThreadDemo  Value of i in run() while loop is 54
19 Aug 2020 13:05:06,081 [Thread-0       ] INFO  com.target.training.programs.DaemonThreadDemo  Value of i in run() while loop is 55
19 Aug 2020 13:05:06,336 [Thread-0       ] INFO  com.target.training.programs.DaemonThreadDemo  Value of i in run() while loop is 56
19 Aug 2020 13:05:06,591 [Thread-0       ] INFO  com.target.training.programs.DaemonThreadDemo  Value of i in run() while loop is 57
19 Aug 2020 13:05:06,847 [Thread-0       ] INFO  com.target.training.programs.DaemonThreadDemo  Value of i in run() while loop is 58
19 Aug 2020 13:05:07,101 [Thread-0       ] INFO  com.target.training.programs.DaemonThreadDemo  Value of i in run() while loop is 59
19 Aug 2020 13:05:07,356 [Thread-0       ] INFO  com.target.training.programs.DaemonThreadDemo  Value of i in run() while loop is 60
19 Aug 2020 13:05:07,611 [Thread-0       ] INFO  com.target.training.programs.DaemonThreadDemo  Value of i in run() while loop is 61
19 Aug 2020 13:05:07,865 [Thread-0       ] INFO  com.target.training.programs.DaemonThreadDemo  Value of i in run() while loop is 62
19 Aug 2020 13:05:08,120 [Thread-0       ] INFO  com.target.training.programs.DaemonThreadDemo  Value of i in run() while loop is 63
19 Aug 2020 13:05:08,374 [Thread-0       ] INFO  com.target.training.programs.DaemonThreadDemo  Value of i in run() while loop is 64
19 Aug 2020 13:05:08,628 [Thread-0       ] INFO  com.target.training.programs.DaemonThreadDemo  Value of i in run() while loop is 65
19 Aug 2020 13:05:08,881 [Thread-0       ] INFO  com.target.training.programs.DaemonThreadDemo  Value of i in run() while loop is 66
19 Aug 2020 13:05:09,136 [Thread-0       ] INFO  com.target.training.programs.DaemonThreadDemo  Value of i in run() while loop is 67
19 Aug 2020 13:05:09,390 [Thread-0       ] INFO  com.target.training.programs.DaemonThreadDemo  Value of i in run() while loop is 68
19 Aug 2020 13:05:09,643 [Thread-0       ] INFO  com.target.training.programs.DaemonThreadDemo  Value of i in run() while loop is 69
19 Aug 2020 13:05:09,897 [Thread-0       ] INFO  com.target.training.programs.DaemonThreadDemo  Value of i in run() while loop is 70
19 Aug 2020 13:05:10,150 [Thread-0       ] INFO  com.target.training.programs.DaemonThreadDemo  Value of i in run() while loop is 71
19 Aug 2020 13:05:10,404 [Thread-0       ] INFO  com.target.training.programs.DaemonThreadDemo  Value of i in run() while loop is 72
19 Aug 2020 13:05:10,659 [Thread-0       ] INFO  com.target.training.programs.DaemonThreadDemo  Value of i in run() while loop is 73
19 Aug 2020 13:05:10,915 [Thread-0       ] INFO  com.target.training.programs.DaemonThreadDemo  Value of i in run() while loop is 74
19 Aug 2020 13:05:11,170 [Thread-0       ] INFO  com.target.training.programs.DaemonThreadDemo  Value of i in run() while loop is 75
19 Aug 2020 13:05:11,425 [Thread-0       ] INFO  com.target.training.programs.DaemonThreadDemo  Value of i in run() while loop is 76
19 Aug 2020 13:05:11,679 [Thread-0       ] INFO  com.target.training.programs.DaemonThreadDemo  Value of i in run() while loop is 77
19 Aug 2020 13:05:11,935 [Thread-0       ] INFO  com.target.training.programs.DaemonThreadDemo  Value of i in run() while loop is 78
19 Aug 2020 13:05:12,191 [Thread-0       ] INFO  com.target.training.programs.DaemonThreadDemo  Value of i in run() while loop is 79
19 Aug 2020 13:05:12,446 [Thread-0       ] INFO  com.target.training.programs.DaemonThreadDemo  Value of i in run() while loop is 80
19 Aug 2020 13:05:12,701 [Thread-0       ] INFO  com.target.training.programs.DaemonThreadDemo  Value of i in run() while loop is 81
19 Aug 2020 13:05:12,954 [Thread-0       ] INFO  com.target.training.programs.DaemonThreadDemo  Value of i in run() while loop is 82
19 Aug 2020 13:05:13,209 [Thread-0       ] INFO  com.target.training.programs.DaemonThreadDemo  Value of i in run() while loop is 83
19 Aug 2020 13:05:13,464 [Thread-0       ] INFO  com.target.training.programs.DaemonThreadDemo  Value of i in run() while loop is 84
19 Aug 2020 13:05:13,719 [Thread-0       ] INFO  com.target.training.programs.DaemonThreadDemo  Value of i in run() while loop is 85
19 Aug 2020 13:05:13,972 [Thread-0       ] INFO  com.target.training.programs.DaemonThreadDemo  Value of i in run() while loop is 86
19 Aug 2020 13:05:14,225 [Thread-0       ] INFO  com.target.training.programs.DaemonThreadDemo  Value of i in run() while loop is 87
19 Aug 2020 13:05:14,481 [Thread-0       ] INFO  com.target.training.programs.DaemonThreadDemo  Value of i in run() while loop is 88
19 Aug 2020 13:05:14,736 [Thread-0       ] INFO  com.target.training.programs.DaemonThreadDemo  Value of i in run() while loop is 89
19 Aug 2020 13:05:14,990 [Thread-0       ] INFO  com.target.training.programs.DaemonThreadDemo  Value of i in run() while loop is 90
19 Aug 2020 13:05:15,245 [Thread-0       ] INFO  com.target.training.programs.DaemonThreadDemo  Value of i in run() while loop is 91
19 Aug 2020 13:05:15,499 [Thread-0       ] INFO  com.target.training.programs.DaemonThreadDemo  Value of i in run() while loop is 92
19 Aug 2020 13:05:15,757 [Thread-0       ] INFO  com.target.training.programs.DaemonThreadDemo  Value of i in run() while loop is 93
19 Aug 2020 13:05:16,011 [Thread-0       ] INFO  com.target.training.programs.DaemonThreadDemo  Value of i in run() while loop is 94
19 Aug 2020 13:05:16,266 [Thread-0       ] INFO  com.target.training.programs.DaemonThreadDemo  Value of i in run() while loop is 95
19 Aug 2020 13:05:16,521 [Thread-0       ] INFO  com.target.training.programs.DaemonThreadDemo  Value of i in run() while loop is 96
19 Aug 2020 13:05:16,774 [Thread-0       ] INFO  com.target.training.programs.DaemonThreadDemo  Value of i in run() while loop is 97
19 Aug 2020 13:05:17,029 [Thread-0       ] INFO  com.target.training.programs.DaemonThreadDemo  Value of i in run() while loop is 98
19 Aug 2020 13:05:17,284 [Thread-0       ] INFO  com.target.training.programs.DaemonThreadDemo  Value of i in run() while loop is 99
19 Aug 2020 13:05:17,539 [Thread-0       ] INFO  com.target.training.programs.DaemonThreadDemo  Value of i in run() while loop is 100
19 Aug 2020 13:05:17,794 [Thread-0       ] INFO  com.target.training.programs.DaemonThreadDemo  Value of i in run() while loop is 101
19 Aug 2020 13:05:18,049 [Thread-0       ] INFO  com.target.training.programs.DaemonThreadDemo  Value of i in run() while loop is 102
19 Aug 2020 13:05:18,304 [Thread-0       ] INFO  com.target.training.programs.DaemonThreadDemo  Value of i in run() while loop is 103
19 Aug 2020 13:05:18,558 [Thread-0       ] INFO  com.target.training.programs.DaemonThreadDemo  Value of i in run() while loop is 104
19 Aug 2020 13:05:18,814 [Thread-0       ] INFO  com.target.training.programs.DaemonThreadDemo  Value of i in run() while loop is 105
19 Aug 2020 13:05:19,070 [Thread-0       ] INFO  com.target.training.programs.DaemonThreadDemo  Value of i in run() while loop is 106
19 Aug 2020 13:05:19,325 [Thread-0       ] INFO  com.target.training.programs.DaemonThreadDemo  Value of i in run() while loop is 107
19 Aug 2020 13:05:19,581 [Thread-0       ] INFO  com.target.training.programs.DaemonThreadDemo  Value of i in run() while loop is 108
19 Aug 2020 13:05:19,836 [Thread-0       ] INFO  com.target.training.programs.DaemonThreadDemo  Value of i in run() while loop is 109
19 Aug 2020 13:05:20,089 [Thread-0       ] INFO  com.target.training.programs.DaemonThreadDemo  Value of i in run() while loop is 110
19 Aug 2020 13:05:20,345 [Thread-0       ] INFO  com.target.training.programs.DaemonThreadDemo  Value of i in run() while loop is 111
19 Aug 2020 13:05:20,599 [Thread-0       ] INFO  com.target.training.programs.DaemonThreadDemo  Value of i in run() while loop is 112
19 Aug 2020 13:05:20,855 [Thread-0       ] INFO  com.target.training.programs.DaemonThreadDemo  Value of i in run() while loop is 113
19 Aug 2020 13:05:21,109 [Thread-0       ] INFO  com.target.training.programs.DaemonThreadDemo  Value of i in run() while loop is 114
19 Aug 2020 13:05:21,365 [Thread-0       ] INFO  com.target.training.programs.DaemonThreadDemo  Value of i in run() while loop is 115
19 Aug 2020 13:05:21,620 [Thread-0       ] INFO  com.target.training.programs.DaemonThreadDemo  Value of i in run() while loop is 116
19 Aug 2020 13:05:21,874 [Thread-0       ] INFO  com.target.training.programs.DaemonThreadDemo  Value of i in run() while loop is 117
19 Aug 2020 13:05:22,132 [Thread-0       ] INFO  com.target.training.programs.DaemonThreadDemo  Value of i in run() while loop is 118
19 Aug 2020 13:05:22,386 [Thread-0       ] INFO  com.target.training.programs.DaemonThreadDemo  Value of i in run() while loop is 119
19 Aug 2020 13:05:22,641 [Thread-0       ] INFO  com.target.training.programs.DaemonThreadDemo  Value of i in run() while loop is 120
19 Aug 2020 13:05:22,895 [Thread-0       ] INFO  com.target.training.programs.DaemonThreadDemo  Value of i in run() while loop is 121
19 Aug 2020 13:05:23,147 [Thread-0       ] INFO  com.target.training.programs.DaemonThreadDemo  Value of i in run() while loop is 122
19 Aug 2020 13:05:23,401 [Thread-0       ] INFO  com.target.training.programs.DaemonThreadDemo  Value of i in run() while loop is 123
19 Aug 2020 13:05:23,655 [Thread-0       ] INFO  com.target.training.programs.DaemonThreadDemo  Value of i in run() while loop is 124
19 Aug 2020 13:05:23,909 [Thread-0       ] INFO  com.target.training.programs.DaemonThreadDemo  Value of i in run() while loop is 125
19 Aug 2020 13:05:24,165 [Thread-0       ] INFO  com.target.training.programs.DaemonThreadDemo  Value of i in run() while loop is 126
19 Aug 2020 13:05:24,424 [Thread-0       ] INFO  com.target.training.programs.DaemonThreadDemo  Value of i in run() while loop is 127
19 Aug 2020 13:07:23,744 [main           ] INFO  com.target.training.programs.DaemonThreadDemo  Value of i in main() for loop is 1
19 Aug 2020 13:07:23,744 [Thread-0       ] INFO  com.target.training.programs.DaemonThreadDemo  Value of i in run() while loop is 1
19 Aug 2020 13:07:24,001 [Thread-0       ] INFO  com.target.training.programs.DaemonThreadDemo  Value of i in run() while loop is 2
19 Aug 2020 13:07:24,254 [Thread-0       ] INFO  com.target.training.programs.DaemonThreadDemo  Value of i in run() while loop is 3
19 Aug 2020 13:07:24,509 [Thread-0       ] INFO  com.target.training.programs.DaemonThreadDemo  Value of i in run() while loop is 4
19 Aug 2020 13:07:24,752 [main           ] INFO  com.target.training.programs.DaemonThreadDemo  Value of i in main() for loop is 2
19 Aug 2020 13:07:24,763 [Thread-0       ] INFO  com.target.training.programs.DaemonThreadDemo  Value of i in run() while loop is 5
19 Aug 2020 13:07:25,019 [Thread-0       ] INFO  com.target.training.programs.DaemonThreadDemo  Value of i in run() while loop is 6
19 Aug 2020 13:07:25,273 [Thread-0       ] INFO  com.target.training.programs.DaemonThreadDemo  Value of i in run() while loop is 7
19 Aug 2020 13:07:25,528 [Thread-0       ] INFO  com.target.training.programs.DaemonThreadDemo  Value of i in run() while loop is 8
19 Aug 2020 13:07:25,759 [main           ] INFO  com.target.training.programs.DaemonThreadDemo  Value of i in main() for loop is 3
19 Aug 2020 13:07:25,783 [Thread-0       ] INFO  com.target.training.programs.DaemonThreadDemo  Value of i in run() while loop is 9
19 Aug 2020 13:07:26,038 [Thread-0       ] INFO  com.target.training.programs.DaemonThreadDemo  Value of i in run() while loop is 10
19 Aug 2020 13:07:26,293 [Thread-0       ] INFO  com.target.training.programs.DaemonThreadDemo  Value of i in run() while loop is 11
19 Aug 2020 13:07:26,548 [Thread-0       ] INFO  com.target.training.programs.DaemonThreadDemo  Value of i in run() while loop is 12
19 Aug 2020 13:07:26,765 [main           ] INFO  com.target.training.programs.DaemonThreadDemo  Value of i in main() for loop is 4
19 Aug 2020 13:07:26,803 [Thread-0       ] INFO  com.target.training.programs.DaemonThreadDemo  Value of i in run() while loop is 13
19 Aug 2020 13:07:27,054 [Thread-0       ] INFO  com.target.training.programs.DaemonThreadDemo  Value of i in run() while loop is 14
19 Aug 2020 13:07:27,308 [Thread-0       ] INFO  com.target.training.programs.DaemonThreadDemo  Value of i in run() while loop is 15
19 Aug 2020 13:07:27,563 [Thread-0       ] INFO  com.target.training.programs.DaemonThreadDemo  Value of i in run() while loop is 16
19 Aug 2020 13:07:27,768 [main           ] INFO  com.target.training.programs.DaemonThreadDemo  Value of i in main() for loop is 5
19 Aug 2020 13:07:27,818 [Thread-0       ] INFO  com.target.training.programs.DaemonThreadDemo  Value of i in run() while loop is 17
19 Aug 2020 13:07:28,073 [Thread-0       ] INFO  com.target.training.programs.DaemonThreadDemo  Value of i in run() while loop is 18
19 Aug 2020 13:07:28,329 [Thread-0       ] INFO  com.target.training.programs.DaemonThreadDemo  Value of i in run() while loop is 19
19 Aug 2020 13:07:28,583 [Thread-0       ] INFO  com.target.training.programs.DaemonThreadDemo  Value of i in run() while loop is 20
19 Aug 2020 13:07:28,773 [main           ] INFO  com.target.training.programs.DaemonThreadDemo  Value of i in main() for loop is 6
19 Aug 2020 13:07:28,838 [Thread-0       ] INFO  com.target.training.programs.DaemonThreadDemo  Value of i in run() while loop is 21
19 Aug 2020 13:07:29,093 [Thread-0       ] INFO  com.target.training.programs.DaemonThreadDemo  Value of i in run() while loop is 22
19 Aug 2020 13:07:29,348 [Thread-0       ] INFO  com.target.training.programs.DaemonThreadDemo  Value of i in run() while loop is 23
19 Aug 2020 13:07:29,603 [Thread-0       ] INFO  com.target.training.programs.DaemonThreadDemo  Value of i in run() while loop is 24
19 Aug 2020 13:07:29,778 [main           ] INFO  com.target.training.programs.DaemonThreadDemo  Value of i in main() for loop is 7
19 Aug 2020 13:07:29,858 [Thread-0       ] INFO  com.target.training.programs.DaemonThreadDemo  Value of i in run() while loop is 25
19 Aug 2020 13:07:30,114 [Thread-0       ] INFO  com.target.training.programs.DaemonThreadDemo  Value of i in run() while loop is 26
19 Aug 2020 13:07:30,367 [Thread-0       ] INFO  com.target.training.programs.DaemonThreadDemo  Value of i in run() while loop is 27
19 Aug 2020 13:07:30,622 [Thread-0       ] INFO  com.target.training.programs.DaemonThreadDemo  Value of i in run() while loop is 28
19 Aug 2020 13:07:30,782 [main           ] INFO  com.target.training.programs.DaemonThreadDemo  Value of i in main() for loop is 8
19 Aug 2020 13:07:30,877 [Thread-0       ] INFO  com.target.training.programs.DaemonThreadDemo  Value of i in run() while loop is 29
19 Aug 2020 13:07:31,129 [Thread-0       ] INFO  com.target.training.programs.DaemonThreadDemo  Value of i in run() while loop is 30
19 Aug 2020 13:07:31,383 [Thread-0       ] INFO  com.target.training.programs.DaemonThreadDemo  Value of i in run() while loop is 31
19 Aug 2020 13:07:31,639 [Thread-0       ] INFO  com.target.training.programs.DaemonThreadDemo  Value of i in run() while loop is 32
19 Aug 2020 13:07:31,785 [main           ] INFO  com.target.training.programs.DaemonThreadDemo  Value of i in main() for loop is 9
19 Aug 2020 13:07:31,893 [Thread-0       ] INFO  com.target.training.programs.DaemonThreadDemo  Value of i in run() while loop is 33
19 Aug 2020 13:07:32,148 [Thread-0       ] INFO  com.target.training.programs.DaemonThreadDemo  Value of i in run() while loop is 34
19 Aug 2020 13:07:32,403 [Thread-0       ] INFO  com.target.training.programs.DaemonThreadDemo  Value of i in run() while loop is 35
19 Aug 2020 13:07:32,659 [Thread-0       ] INFO  com.target.training.programs.DaemonThreadDemo  Value of i in run() while loop is 36
19 Aug 2020 13:07:32,790 [main           ] INFO  com.target.training.programs.DaemonThreadDemo  Value of i in main() for loop is 10
19 Aug 2020 13:07:32,913 [Thread-0       ] INFO  com.target.training.programs.DaemonThreadDemo  Value of i in run() while loop is 37
19 Aug 2020 13:07:33,168 [Thread-0       ] INFO  com.target.training.programs.DaemonThreadDemo  Value of i in run() while loop is 38
19 Aug 2020 13:07:33,424 [Thread-0       ] INFO  com.target.training.programs.DaemonThreadDemo  Value of i in run() while loop is 39
19 Aug 2020 13:07:33,679 [Thread-0       ] INFO  com.target.training.programs.DaemonThreadDemo  Value of i in run() while loop is 40
